<?xml version="1.0" encoding="UTF-8"?>
<!-- Generated by org.testng.reporters.JUnitReportReporter -->
<testsuite skipped="0" hostname="Yogesh-PC" name="handleTable.Demo1" tests="1" failures="0" timestamp="23 Mar 2021 09:57:01 GMT" time="20.972" errors="0">
  <testcase name="m" time="20.972" classname="handleTable.Demo1"/>
</testsuite> <!-- handleTable.Demo1 -->
