<?xml version="1.0" encoding="UTF-8"?>
<!-- Generated by org.testng.reporters.JUnitReportReporter -->
<testsuite skipped="0" hostname="Lenovo" name="waits.FluentWait1" tests="1" failures="0" timestamp="2021-01-07T11:51:05 IST" time="40.143" errors="0">
  <testcase name="m1" time="40.143" classname="waits.FluentWait1"/>
  <system-out/>
</testsuite> <!-- waits.FluentWait1 -->
