<?xml version="1.0" encoding="UTF-8"?>
<!-- Generated by org.testng.reporters.JUnitReportReporter -->
<testsuite skipped="0" hostname="Lenovo" name="screenshot.ElementScreenShot" tests="1" failures="0" timestamp="2021-01-18T00:17:54 IST" time="27.652" errors="0">
  <testcase name="m" time="27.652" classname="screenshot.ElementScreenShot"/>
  <system-out/>
</testsuite> <!-- screenshot.ElementScreenShot -->
