<?xml version="1.0" encoding="UTF-8"?>
<!-- Generated by org.testng.reporters.JUnitReportReporter -->
<testsuite skipped="0" hostname="Yogesh-PC" name="dropdown.handleGoogle" tests="1" failures="0" timestamp="26 Mar 2021 06:04:47 GMT" time="14.521" errors="0">
  <testcase name="m" time="14.521" classname="dropdown.handleGoogle"/>
</testsuite> <!-- dropdown.handleGoogle -->
