<?xml version="1.0" encoding="UTF-8"?>
<!-- Generated by org.testng.reporters.JUnitReportReporter -->
<testsuite skipped="0" hostname="Lenovo" name="screenshot.CropScreenShot" tests="1" failures="0" timestamp="2021-01-18T00:00:08 IST" time="38.241" errors="0">
  <testcase name="m" time="38.241" classname="screenshot.CropScreenShot"/>
  <system-out/>
</testsuite> <!-- screenshot.CropScreenShot -->
