<?xml version="1.0" encoding="UTF-8"?>
<!-- Generated by org.testng.reporters.JUnitReportReporter -->
<testsuite skipped="0" hostname="Lenovo" name="headless.OnChrome" tests="1" failures="0" timestamp="2021-01-19T14:26:48 IST" time="51.929" errors="0">
  <testcase name="m" time="51.929" classname="headless.OnChrome"/>
  <system-out/>
</testsuite> <!-- headless.OnChrome -->
