<?xml version="1.0" encoding="UTF-8"?>
<!-- Generated by org.testng.reporters.JUnitReportReporter -->
<testsuite skipped="0" hostname="Lenovo" name="webDriverManager.demo2" tests="1" failures="0" timestamp="2021-01-18T15:22:43 IST" time="103.509" errors="0">
  <testcase name="m" time="103.509" classname="webDriverManager.demo2"/>
  <system-out/>
</testsuite> <!-- webDriverManager.demo2 -->
