<?xml version="1.0" encoding="UTF-8"?>
<!-- Generated by org.testng.reporters.JUnitReportReporter -->
<testsuite skipped="0" hostname="Yogesh-PC" name="handleTable.Demo3" tests="1" failures="0" timestamp="2 Apr 2021 09:07:28 GMT" time="103.895" errors="0">
  <testcase name="test" time="103.895" classname="handleTable.Demo3"/>
</testsuite> <!-- handleTable.Demo3 -->
