<?xml version="1.0" encoding="UTF-8"?>
<!-- Generated by org.testng.reporters.JUnitReportReporter -->
<testsuite skipped="0" hostname="Lenovo" name="waits.explicitWait" tests="1" failures="0" timestamp="2021-01-07T11:38:24 IST" time="44.800" errors="0">
  <testcase name="m" time="44.800" classname="waits.explicitWait"/>
  <system-out/>
</testsuite> <!-- waits.explicitWait -->
