<?xml version="1.0" encoding="UTF-8"?>
<!-- Generated by org.testng.reporters.JUnitReportReporter -->
<testsuite skipped="0" hostname="Lenovo" name="javaScript.demo1" tests="1" failures="0" timestamp="2021-01-19T13:26:40 IST" time="22.670" errors="0">
  <testcase name="m" time="22.670" classname="javaScript.demo1"/>
  <system-out/>
</testsuite> <!-- javaScript.demo1 -->
