<?xml version="1.0" encoding="UTF-8"?>
<!-- Generated by org.testng.reporters.JUnitReportReporter -->
<testsuite skipped="0" hostname="Lenovo" name="brokenLinks.demo1" tests="1" failures="0" timestamp="2021-01-17T22:20:52 IST" time="69.467" errors="0">
  <testcase name="m" time="69.467" classname="brokenLinks.demo1"/>
  <system-out/>
</testsuite> <!-- brokenLinks.demo1 -->
