<?xml version="1.0" encoding="UTF-8"?>
<!-- Generated by org.testng.reporters.JUnitReportReporter -->
<testsuite skipped="0" hostname="Yogesh-PC" name="zoom.demo2" tests="1" failures="0" timestamp="25 Mar 2021 11:53:36 GMT" time="18.379" errors="0">
  <testcase name="m" time="18.379" classname="zoom.demo2"/>
</testsuite> <!-- zoom.demo2 -->
