<?xml version="1.0" encoding="UTF-8"?>
<!-- Generated by org.testng.reporters.JUnitReportReporter -->
<testsuite skipped="0" hostname="Lenovo" name="scroll.demo1" tests="1" failures="0" timestamp="2021-01-19T16:14:11 IST" time="29.826" errors="0">
  <testcase name="m" time="29.826" classname="scroll.demo1"/>
  <system-out/>
</testsuite> <!-- scroll.demo1 -->
