<?xml version="1.0" encoding="UTF-8"?>
<!-- Generated by org.testng.reporters.JUnitReportReporter -->
<testsuite skipped="0" hostname="Yogesh-PC" name="BrokenLink.Broken" tests="1" failures="0" timestamp="26 Mar 2021 11:48:43 GMT" time="33.642" errors="0">
  <testcase name="test" time="33.642" classname="BrokenLink.Broken"/>
</testsuite> <!-- BrokenLink.Broken -->
