<?xml version="1.0" encoding="UTF-8"?>
<!-- Generated by org.testng.reporters.JUnitReportReporter -->
<testsuite skipped="0" hostname="Lenovo" name="scroll.demo2" tests="1" failures="0" timestamp="2021-01-19T16:25:45 IST" time="12.112" errors="0">
  <testcase name="m" time="12.112" classname="scroll.demo2"/>
  <system-out/>
</testsuite> <!-- scroll.demo2 -->
