<?xml version="1.0" encoding="UTF-8"?>
<!-- Generated by org.testng.reporters.JUnitReportReporter -->
<testsuite skipped="0" hostname="Lenovo" name="webDriverManager.demo" tests="1" failures="0" timestamp="2021-01-18T15:13:40 IST" time="61.530" errors="0">
  <testcase name="m" time="61.530" classname="webDriverManager.demo"/>
  <system-out/>
</testsuite> <!-- webDriverManager.demo -->
