<?xml version="1.0" encoding="UTF-8"?>
<!-- Generated by org.testng.reporters.JUnitReportReporter -->
<testsuite skipped="0" hostname="Yogesh-PC" name="waits.Explicit" tests="1" failures="0" timestamp="26 Mar 2021 11:47:35 GMT" time="46.289" errors="0">
  <testcase name="m" time="46.289" classname="waits.Explicit"/>
</testsuite> <!-- waits.Explicit -->
