<?xml version="1.0" encoding="UTF-8"?>
<!-- Generated by org.testng.reporters.JUnitReportReporter -->
<testsuite skipped="0" hostname="Yogesh-PC" name="waits.Fluent" tests="1" failures="0" timestamp="26 Mar 2021 06:59:49 GMT" time="17.964" errors="0">
  <testcase name="m" time="17.964" classname="waits.Fluent"/>
</testsuite> <!-- waits.Fluent -->
