<?xml version="1.0" encoding="UTF-8"?>
<!-- Generated by org.testng.reporters.JUnitReportReporter -->
<testsuite skipped="0" hostname="Yogesh-PC" name="seleniumPractice.Demo1" tests="1" failures="0" timestamp="13 Apr 2021 12:35:19 GMT" time="28.740" errors="0">
  <testcase name="m" time="28.740" classname="seleniumPractice.Demo1"/>
</testsuite> <!-- seleniumPractice.Demo1 -->
